Set parameter WLSAccessID
Set parameter WLSSecret
Set parameter LicenseID to value 2643170
Academic license 2643170 - for non-commercial use only - registered to dh___@vt.edu
Set parameter LogToConsole to value 0
Missing solution directory for qis_1000_800_5_148
Finished qis_1000_800_5_252.lp
Finished qis_1000_800_5_493.lp
Finished qis_1000_800_5_629.lp
Finished qis_1000_800_5_702.lp
Finished qis_1000_800_5_524.lp
Finished qis_1000_800_5_694.lp
Finished qis_1000_800_5_17.lp
Finished qis_1000_800_5_549.lp
Finished qis_1000_800_5_519.lp
Finished qis_1000_800_5_214.lp
Finished qis_1000_800_5_641.lp
Finished qis_1000_800_5_150.lp
Finished qis_1000_800_5_38.lp
Finished qis_1000_800_5_320.lp
Finished qis_1000_800_5_368.lp
Finished qis_1000_800_5_354.lp
Finished qis_1000_800_5_508.lp
Finished qis_1000_800_5_797.lp
Finished qis_1000_800_5_353.lp
Finished qis_1000_800_5_201.lp
Finished qis_1000_800_5_772.lp
Finished qis_1000_800_5_603.lp
Finished qis_1000_800_5_238.lp
Finished qis_1000_800_5_451.lp
Finished qis_1000_800_5_469.lp
Finished qis_1000_800_5_514.lp
Finished qis_1000_800_5_717.lp
Finished qis_1000_800_5_447.lp
Finished qis_1000_800_5_168.lp
Finished qis_1000_800_5_241.lp
Finished qis_1000_800_5_164.lp
Finished qis_1000_800_5_54.lp
Finished qis_1000_800_5_117.lp
Finished qis_1000_800_5_276.lp
Finished qis_1000_800_5_811.lp
Finished qis_1000_800_5_796.lp
Finished qis_1000_800_5_89.lp
Finished qis_1000_800_5_2.lp
Finished qis_1000_800_5_18.lp
Finished qis_1000_800_5_763.lp
Finished qis_1000_800_5_211.lp
Finished qis_1000_800_5_790.lp
Finished qis_1000_800_5_226.lp
Finished qis_1000_800_5_355.lp
Finished qis_1000_800_5_865.lp
Finished qis_1000_800_5_108.lp
Finished qis_1000_800_5_667.lp
Finished qis_1000_800_5_776.lp
Finished qis_1000_800_5_51.lp
Finished qis_1000_800_5_307.lp
Finished qis_1000_800_5_219.lp
Finished qis_1000_800_5_605.lp
Finished qis_1000_800_5_260.lp
Finished qis_1000_800_5_640.lp
Finished qis_1000_800_5_438.lp
Finished qis_1000_800_5_756.lp
Finished qis_1000_800_5_61.lp
Finished qis_1000_800_5_806.lp
Finished qis_1000_800_5_636.lp
Finished qis_1000_800_5_615.lp
Finished qis_1000_800_5_122.lp
Finished qis_1000_800_5_178.lp
Finished qis_1000_800_5_79.lp
Finished qis_1000_800_5_230.lp
Finished qis_1000_800_5_406.lp
Finished qis_1000_800_5_154.lp
Finished qis_1000_800_5_695.lp
Finished qis_1000_800_5_246.lp
Finished qis_1000_800_5_179.lp
Finished qis_1000_800_5_327.lp
Finished qis_1000_800_5_628.lp
Finished qis_1000_800_5_473.lp
Finished qis_1000_800_5_758.lp
Finished qis_1000_800_5_440.lp
Finished qis_1000_800_5_156.lp
Finished qis_1000_800_5_501.lp
Finished qis_1000_800_5_800.lp
Finished qis_1000_800_5_750.lp
Finished qis_1000_800_5_722.lp
Finished qis_1000_800_5_655.lp
Finished qis_1000_800_5_94.lp
Finished qis_1000_800_5_892.lp
Finished qis_1000_800_5_505.lp
Finished qis_1000_800_5_601.lp
Finished qis_1000_800_5_52.lp
Finished qis_1000_800_5_677.lp
Finished qis_1000_800_5_141.lp
Finished qis_1000_800_5_158.lp
Finished qis_1000_800_5_113.lp
Finished qis_1000_800_5_726.lp
Finished qis_1000_800_5_621.lp
Finished qis_1000_800_5_53.lp
Finished qis_1000_800_5_564.lp
Finished qis_1000_800_5_887.lp
Finished qis_1000_800_5_315.lp
Finished qis_1000_800_5_624.lp
Finished qis_1000_800_5_683.lp
Finished qis_1000_800_5_167.lp
Finished qis_1000_800_5_391.lp
Finished qis_1000_800_5_515.lp
Finished qis_1000_800_5_484.lp
Finished qis_1000_800_5_288.lp
Finished qis_1000_800_5_33.lp
Finished qis_1000_800_5_234.lp
Finished qis_1000_800_5_373.lp
Finished qis_1000_800_5_199.lp
Finished qis_1000_800_5_689.lp
Finished qis_1000_800_5_706.lp
Finished qis_1000_800_5_30.lp
Finished qis_1000_800_5_445.lp
Finished qis_1000_800_5_303.lp
Finished qis_1000_800_5_273.lp
Finished qis_1000_800_5_492.lp
Finished qis_1000_800_5_817.lp
Finished qis_1000_800_5_118.lp
Finished qis_1000_800_5_82.lp
Finished qis_1000_800_5_1.lp
Finished qis_1000_800_5_526.lp
Finished qis_1000_800_5_496.lp
Finished qis_1000_800_5_637.lp
Finished qis_1000_800_5_470.lp
Finished qis_1000_800_5_324.lp
Finished qis_1000_800_5_503.lp
Finished qis_1000_800_5_536.lp
Finished qis_1000_800_5_152.lp
Finished qis_1000_800_5_97.lp
Finished qis_1000_800_5_644.lp
Finished qis_1000_800_5_561.lp
Finished qis_1000_800_5_339.lp
Finished qis_1000_800_5_206.lp
Finished qis_1000_800_5_227.lp
Finished qis_1000_800_5_39.lp
Finished qis_1000_800_5_155.lp
Finished qis_1000_800_5_799.lp
Finished qis_1000_800_5_898.lp
Finished qis_1000_800_5_430.lp
Finished qis_1000_800_5_583.lp
Finished qis_1000_800_5_891.lp
Finished qis_1000_800_5_393.lp
Finished qis_1000_800_5_672.lp
Finished qis_1000_800_5_786.lp
Finished qis_1000_800_5_830.lp
Finished qis_1000_800_5_370.lp
Finished qis_1000_800_5_235.lp
Finished qis_1000_800_5_862.lp
Finished qis_1000_800_5_815.lp
Finished qis_1000_800_5_587.lp
Finished qis_1000_800_5_839.lp
Finished qis_1000_800_5_656.lp
Finished qis_1000_800_5_12.lp
Finished qis_1000_800_5_351.lp
Finished qis_1000_800_5_281.lp
Finished qis_1000_800_5_435.lp
Finished qis_1000_800_5_532.lp
Finished qis_1000_800_5_829.lp
Finished qis_1000_800_5_460.lp
Finished qis_1000_800_5_487.lp
Finished qis_1000_800_5_289.lp
Finished qis_1000_800_5_74.lp
Finished qis_1000_800_5_138.lp
Finished qis_1000_800_5_129.lp
Finished qis_1000_800_5_379.lp
Finished qis_1000_800_5_462.lp
Finished qis_1000_800_5_548.lp
Finished qis_1000_800_5_631.lp
Finished qis_1000_800_5_198.lp
Finished qis_1000_800_5_48.lp
Finished qis_1000_800_5_551.lp
Finished qis_1000_800_5_853.lp
Finished qis_1000_800_5_731.lp
Finished qis_1000_800_5_377.lp
Finished qis_1000_800_5_494.lp
Finished qis_1000_800_5_836.lp
Finished qis_1000_800_5_753.lp
Finished qis_1000_800_5_878.lp
Finished qis_1000_800_5_110.lp
Finished qis_1000_800_5_783.lp
Finished qis_1000_800_5_755.lp
Finished qis_1000_800_5_657.lp
Finished qis_1000_800_5_431.lp
Finished qis_1000_800_5_75.lp
Finished qis_1000_800_5_734.lp
Finished qis_1000_800_5_679.lp
Finished qis_1000_800_5_822.lp
Finished qis_1000_800_5_99.lp
Finished qis_1000_800_5_840.lp
Finished qis_1000_800_5_859.lp
Finished qis_1000_800_5_850.lp
Finished qis_1000_800_5_588.lp
Finished qis_1000_800_5_847.lp
Finished qis_1000_800_5_21.lp
Finished qis_1000_800_5_10.lp
Finished qis_1000_800_5_835.lp
Finished qis_1000_800_5_347.lp
Finished qis_1000_800_5_233.lp
Finished qis_1000_800_5_290.lp
Finished qis_1000_800_5_283.lp
Finished qis_1000_800_5_358.lp
Finished qis_1000_800_5_560.lp
Finished qis_1000_800_5_869.lp
Finished qis_1000_800_5_871.lp
Finished qis_1000_800_5_732.lp
Finished qis_1000_800_5_310.lp
Finished qis_1000_800_5_742.lp
Finished qis_1000_800_5_457.lp
Finished qis_1000_800_5_459.lp
Finished qis_1000_800_5_400.lp
Finished qis_1000_800_5_407.lp
Finished qis_1000_800_5_599.lp
Finished qis_1000_800_5_574.lp
Finished qis_1000_800_5_666.lp
Finished qis_1000_800_5_9.lp
Finished qis_1000_800_5_40.lp
Finished qis_1000_800_5_191.lp
Finished qis_1000_800_5_610.lp
Finished qis_1000_800_5_852.lp
Finished qis_1000_800_5_692.lp
Finished qis_1000_800_5_367.lp
Finished qis_1000_800_5_718.lp
Finished qis_1000_800_5_509.lp
Finished qis_1000_800_5_711.lp
Finished qis_1000_800_5_340.lp
Finished qis_1000_800_5_652.lp
Finished qis_1000_800_5_104.lp
Finished qis_1000_800_5_135.lp
Finished qis_1000_800_5_848.lp
Finished qis_1000_800_5_268.lp
Finished qis_1000_800_5_671.lp
Finished qis_1000_800_5_513.lp
Finished qis_1000_800_5_554.lp
Finished qis_1000_800_5_160.lp
Finished qis_1000_800_5_735.lp
Finished qis_1000_800_5_769.lp
Finished qis_1000_800_5_149.lp
Finished qis_1000_800_5_650.lp
Finished qis_1000_800_5_684.lp
Finished qis_1000_800_5_414.lp
Finished qis_1000_800_5_166.lp
Finished qis_1000_800_5_361.lp
Finished qis_1000_800_5_375.lp
Finished qis_1000_800_5_767.lp
Finished qis_1000_800_5_173.lp
Finished qis_1000_800_5_311.lp
Finished qis_1000_800_5_456.lp
Finished qis_1000_800_5_663.lp
Finished qis_1000_800_5_240.lp
Finished qis_1000_800_5_68.lp
Finished qis_1000_800_5_499.lp
Finished qis_1000_800_5_278.lp
Finished qis_1000_800_5_866.lp
Finished qis_1000_800_5_388.lp
Finished qis_1000_800_5_434.lp
Finished qis_1000_800_5_481.lp
Finished qis_1000_800_5_229.lp
Finished qis_1000_800_5_145.lp
Finished qis_1000_800_5_326.lp
Finished qis_1000_800_5_55.lp
Finished qis_1000_800_5_773.lp
Finished qis_1000_800_5_263.lp
Finished qis_1000_800_5_78.lp
Finished qis_1000_800_5_479.lp
Finished qis_1000_800_5_277.lp
Finished qis_1000_800_5_712.lp
Finished qis_1000_800_5_533.lp
Finished qis_1000_800_5_520.lp
Finished qis_1000_800_5_194.lp
Finished qis_1000_800_5_845.lp
Finished qis_1000_800_5_633.lp
Finished qis_1000_800_5_262.lp
Finished qis_1000_800_5_250.lp
Finished qis_1000_800_5_220.lp
Finished qis_1000_800_5_884.lp
Finished qis_1000_800_5_614.lp
Finished qis_1000_800_5_889.lp
Finished qis_1000_800_5_81.lp
Finished qis_1000_800_5_304.lp
Finished qis_1000_800_5_730.lp
Finished qis_1000_800_5_382.lp
Finished qis_1000_800_5_725.lp
Finished qis_1000_800_5_302.lp
Finished qis_1000_800_5_151.lp
Finished qis_1000_800_5_491.lp
Finished qis_1000_800_5_66.lp
Finished qis_1000_800_5_446.lp
Finished qis_1000_800_5_16.lp
Finished qis_1000_800_5_465.lp
Finished qis_1000_800_5_552.lp
Finished qis_1000_800_5_860.lp
Finished qis_1000_800_5_510.lp
Finished qis_1000_800_5_890.lp
Finished qis_1000_800_5_466.lp
Finished qis_1000_800_5_215.lp
Finished qis_1000_800_5_781.lp
Finished qis_1000_800_5_338.lp
Finished qis_1000_800_5_80.lp
Finished qis_1000_800_5_846.lp
Finished qis_1000_800_5_857.lp
Finished qis_1000_800_5_342.lp
Finished qis_1000_800_5_308.lp
Finished qis_1000_800_5_86.lp
Finished qis_1000_800_5_572.lp
Finished qis_1000_800_5_190.lp
Finished qis_1000_800_5_617.lp
Finished qis_1000_800_5_761.lp
Finished qis_1000_800_5_345.lp
Finished qis_1000_800_5_162.lp
Finished qis_1000_800_5_32.lp
Finished qis_1000_800_5_648.lp
Finished qis_1000_800_5_133.lp
Finished qis_1000_800_5_187.lp
Finished qis_1000_800_5_569.lp
Finished qis_1000_800_5_693.lp
Finished qis_1000_800_5_714.lp
Finished qis_1000_800_5_855.lp
Finished qis_1000_800_5_184.lp
Finished qis_1000_800_5_313.lp
Finished qis_1000_800_5_893.lp
Finished qis_1000_800_5_771.lp
Finished qis_1000_800_5_442.lp
Finished qis_1000_800_5_217.lp
Finished qis_1000_800_5_477.lp
Finished qis_1000_800_5_328.lp
Finished qis_1000_800_5_317.lp
Finished qis_1000_800_5_389.lp
Finished qis_1000_800_5_432.lp
Finished qis_1000_800_5_224.lp
Finished qis_1000_800_5_392.lp
Finished qis_1000_800_5_630.lp
Finished qis_1000_800_5_64.lp
Finished qis_1000_800_5_193.lp
Finished qis_1000_800_5_232.lp
Finished qis_1000_800_5_254.lp
Finished qis_1000_800_5_134.lp
Finished qis_1000_800_5_475.lp
Finished qis_1000_800_5_242.lp
Finished qis_1000_800_5_411.lp
Finished qis_1000_800_5_448.lp
Finished qis_1000_800_5_775.lp
Finished qis_1000_800_5_813.lp
Finished qis_1000_800_5_575.lp
Finished qis_1000_800_5_346.lp
Finished qis_1000_800_5_586.lp
Finished qis_1000_800_5_237.lp
Finished qis_1000_800_5_204.lp
Finished qis_1000_800_5_112.lp
Finished qis_1000_800_5_765.lp
Finished qis_1000_800_5_306.lp
Finished qis_1000_800_5_673.lp
Finished qis_1000_800_5_58.lp
Finished qis_1000_800_5_820.lp
Finished qis_1000_800_5_685.lp
Finished qis_1000_800_5_127.lp
Finished qis_1000_800_5_899.lp
Finished qis_1000_800_5_452.lp
Finished qis_1000_800_5_15.lp
Finished qis_1000_800_5_365.lp
Finished qis_1000_800_5_43.lp
Finished qis_1000_800_5_27.lp
Finished qis_1000_800_5_616.lp
Finished qis_1000_800_5_424.lp
Finished qis_1000_800_5_416.lp
Finished qis_1000_800_5_886.lp
Finished qis_1000_800_5_249.lp
Finished qis_1000_800_5_408.lp
Finished qis_1000_800_5_690.lp
Finished qis_1000_800_5_336.lp
Finished qis_1000_800_5_602.lp
Finished qis_1000_800_5_323.lp
Finished qis_1000_800_5_518.lp
Finished qis_1000_800_5_467.lp
Finished qis_1000_800_5_401.lp
Finished qis_1000_800_5_795.lp
Finished qis_1000_800_5_337.lp
Finished qis_1000_800_5_562.lp
Finished qis_1000_800_5_49.lp
Finished qis_1000_800_5_83.lp
Finished qis_1000_800_5_612.lp
Finished qis_1000_800_5_658.lp
Finished qis_1000_800_5_565.lp
Finished qis_1000_800_5_558.lp
Finished qis_1000_800_5_272.lp
Finished qis_1000_800_5_715.lp
Finished qis_1000_800_5_41.lp
Finished qis_1000_800_5_176.lp
Finished qis_1000_800_5_687.lp
Finished qis_1000_800_5_47.lp
Finished qis_1000_800_5_171.lp
Finished qis_1000_800_5_458.lp
Finished qis_1000_800_5_28.lp
Finished qis_1000_800_5_436.lp
Finished qis_1000_800_5_123.lp
Finished qis_1000_800_5_507.lp
Finished qis_1000_800_5_774.lp
Finished qis_1000_800_5_597.lp
Finished qis_1000_800_5_177.lp
Finished qis_1000_800_5_387.lp
Finished qis_1000_800_5_461.lp
Finished qis_1000_800_5_512.lp
Finished qis_1000_800_5_228.lp
Finished qis_1000_800_5_386.lp
Finished qis_1000_800_5_472.lp
Finished qis_1000_800_5_98.lp
Finished qis_1000_800_5_120.lp
Finished qis_1000_800_5_84.lp
Finished qis_1000_800_5_59.lp
Finished qis_1000_800_5_103.lp
Finished qis_1000_800_5_93.lp
Finished qis_1000_800_5_192.lp
Finished qis_1000_800_5_779.lp
Finished qis_1000_800_5_529.lp
Finished qis_1000_800_5_577.lp
Finished qis_1000_800_5_102.lp
Finished qis_1000_800_5_132.lp
Finished qis_1000_800_5_352.lp
Finished qis_1000_800_5_208.lp
Finished qis_1000_800_5_96.lp
Finished qis_1000_800_5_67.lp
Finished qis_1000_800_5_163.lp
Finished qis_1000_800_5_189.lp
Finished qis_1000_800_5_20.lp
Finished qis_1000_800_5_646.lp
Finished qis_1000_800_5_7.lp
Finished qis_1000_800_5_749.lp
Finished qis_1000_800_5_463.lp
Finished qis_1000_800_5_128.lp
Finished qis_1000_800_5_705.lp
Finished qis_1000_800_5_71.lp
Finished qis_1000_800_5_828.lp
Finished qis_1000_800_5_23.lp
Finished qis_1000_800_5_292.lp
Finished qis_1000_800_5_185.lp
Finished qis_1000_800_5_182.lp
Finished qis_1000_800_5_402.lp
Finished qis_1000_800_5_851.lp
Finished qis_1000_800_5_660.lp
Finished qis_1000_800_5_674.lp
Finished qis_1000_800_5_280.lp
Finished qis_1000_800_5_681.lp
Finished qis_1000_800_5_563.lp
Finished qis_1000_800_5_449.lp
Finished qis_1000_800_5_14.lp
Finished qis_1000_800_5_455.lp
Finished qis_1000_800_5_516.lp
Finished qis_1000_800_5_594.lp
Finished qis_1000_800_5_704.lp
Finished qis_1000_800_5_638.lp
Finished qis_1000_800_5_258.lp
Finished qis_1000_800_5_413.lp
Finished qis_1000_800_5_789.lp
Finished qis_1000_800_5_543.lp
Finished qis_1000_800_5_223.lp
Finished qis_1000_800_5_363.lp
Finished qis_1000_800_5_489.lp
Finished qis_1000_800_5_485.lp
Finished qis_1000_800_5_589.lp
Finished qis_1000_800_5_243.lp
Finished qis_1000_800_5_207.lp
Finished qis_1000_800_5_792.lp
Finished qis_1000_800_5_383.lp
Finished qis_1000_800_5_200.lp
Finished qis_1000_800_5_728.lp
Finished qis_1000_800_5_350.lp
Finished qis_1000_800_5_801.lp
Finished qis_1000_800_5_314.lp
Finished qis_1000_800_5_531.lp
Finished qis_1000_800_5_369.lp
Finished qis_1000_800_5_810.lp
Finished qis_1000_800_5_557.lp
Finished qis_1000_800_5_647.lp
Finished qis_1000_800_5_568.lp
Finished qis_1000_800_5_468.lp
Finished qis_1000_800_5_659.lp
Finished qis_1000_800_5_294.lp
Finished qis_1000_800_5_248.lp
Finished qis_1000_800_5_634.lp
Finished qis_1000_800_5_506.lp
Finished qis_1000_800_5_696.lp
Finished qis_1000_800_5_635.lp
Finished qis_1000_800_5_808.lp
Finished qis_1000_800_5_319.lp
Finished qis_1000_800_5_653.lp
Finished qis_1000_800_5_170.lp
Finished qis_1000_800_5_270.lp
Finished qis_1000_800_5_639.lp
Finished qis_1000_800_5_785.lp
Finished qis_1000_800_5_398.lp
Finished qis_1000_800_5_348.lp
Finished qis_1000_800_5_802.lp
Finished qis_1000_800_5_417.lp
Finished qis_1000_800_5_739.lp
Finished qis_1000_800_5_571.lp
Finished qis_1000_800_5_627.lp
Finished qis_1000_800_5_36.lp
Finished qis_1000_800_5_619.lp
Finished qis_1000_800_5_88.lp
Finished qis_1000_800_5_675.lp
Finished qis_1000_800_5_760.lp
Finished qis_1000_800_5_525.lp
Finished qis_1000_800_5_175.lp
Finished qis_1000_800_5_480.lp
Finished qis_1000_800_5_333.lp
Finished qis_1000_800_5_559.lp
Finished qis_1000_800_5_897.lp
Finished qis_1000_800_5_818.lp
Finished qis_1000_800_5_60.lp
Finished qis_1000_800_5_700.lp
Finished qis_1000_800_5_37.lp
Finished qis_1000_800_5_709.lp
Finished qis_1000_800_5_707.lp
Finished qis_1000_800_5_703.lp
Finished qis_1000_800_5_809.lp
Finished qis_1000_800_5_626.lp
Finished qis_1000_800_5_334.lp
Finished qis_1000_800_5_476.lp
Finished qis_1000_800_5_582.lp
Finished qis_1000_800_5_279.lp
Finished qis_1000_800_5_883.lp
Finished qis_1000_800_5_136.lp
Finished qis_1000_800_5_298.lp
Finished qis_1000_800_5_267.lp
Finished qis_1000_800_5_544.lp
Finished qis_1000_800_5_585.lp
Finished qis_1000_800_5_296.lp
Finished qis_1000_800_5_521.lp
Finished qis_1000_800_5_423.lp
Finished qis_1000_800_5_768.lp
Finished qis_1000_800_5_697.lp
Finished qis_1000_800_5_174.lp
Finished qis_1000_800_5_834.lp
Finished qis_1000_800_5_172.lp
Finished qis_1000_800_5_56.lp
Finished qis_1000_800_5_0.lp
Finished qis_1000_800_5_157.lp
Finished qis_1000_800_5_295.lp
Finished qis_1000_800_5_867.lp
Finished qis_1000_800_5_870.lp
Finished qis_1000_800_5_76.lp
Finished qis_1000_800_5_555.lp
Finished qis_1000_800_5_4.lp
Finished qis_1000_800_5_181.lp
Finished qis_1000_800_5_8.lp
Finished qis_1000_800_5_77.lp
Finished qis_1000_800_5_849.lp
Finished qis_1000_800_5_724.lp
Finished qis_1000_800_5_882.lp
Finished qis_1000_800_5_812.lp
Finished qis_1000_800_5_24.lp
Finished qis_1000_800_5_721.lp
Finished qis_1000_800_5_502.lp
Finished qis_1000_800_5_222.lp
Finished qis_1000_800_5_567.lp
Finished qis_1000_800_5_285.lp
Finished qis_1000_800_5_736.lp
Finished qis_1000_800_5_676.lp
Finished qis_1000_800_5_282.lp
Finished qis_1000_800_5_73.lp
Finished qis_1000_800_5_13.lp
Finished qis_1000_800_5_286.lp
Finished qis_1000_800_5_798.lp
Finished qis_1000_800_5_116.lp
Finished qis_1000_800_5_125.lp
Finished qis_1000_800_5_766.lp
Finished qis_1000_800_5_259.lp
Finished qis_1000_800_5_364.lp
Finished qis_1000_800_5_858.lp
Finished qis_1000_800_5_301.lp
Finished qis_1000_800_5_213.lp
Finished qis_1000_800_5_539.lp
Finished qis_1000_800_5_335.lp
Finished qis_1000_800_5_359.lp
Finished qis_1000_800_5_312.lp
Finished qis_1000_800_5_50.lp
Finished qis_1000_800_5_371.lp
Finished qis_1000_800_5_784.lp
Finished qis_1000_800_5_841.lp
Finished qis_1000_800_5_6.lp
Finished qis_1000_800_5_420.lp
Finished qis_1000_800_5_264.lp
Finished qis_1000_800_5_757.lp
Finished qis_1000_800_5_782.lp
Finished qis_1000_800_5_668.lp
Finished qis_1000_800_5_245.lp
Finished qis_1000_800_5_861.lp
Finished qis_1000_800_5_329.lp
Finished qis_1000_800_5_142.lp
Finished qis_1000_800_5_740.lp
Finished qis_1000_800_5_545.lp
Finished qis_1000_800_5_330.lp
Finished qis_1000_800_5_541.lp
Finished qis_1000_800_5_566.lp
Finished qis_1000_800_5_70.lp
Finished qis_1000_800_5_678.lp
Finished qis_1000_800_5_613.lp
Finished qis_1000_800_5_159.lp
Finished qis_1000_800_5_46.lp
Finished qis_1000_800_5_251.lp
Finished qis_1000_800_5_31.lp
Finished qis_1000_800_5_670.lp
Finished qis_1000_800_5_212.lp
Finished qis_1000_800_5_868.lp
Finished qis_1000_800_5_623.lp
Finished qis_1000_800_5_759.lp
Finished qis_1000_800_5_488.lp
Finished qis_1000_800_5_42.lp
Finished qis_1000_800_5_216.lp
Finished qis_1000_800_5_87.lp
Finished qis_1000_800_5_486.lp
Finished qis_1000_800_5_341.lp
Finished qis_1000_800_5_888.lp
Finished qis_1000_800_5_404.lp
Finished qis_1000_800_5_632.lp
Finished qis_1000_800_5_584.lp
Finished qis_1000_800_5_322.lp
Finished qis_1000_800_5_895.lp
Finished qis_1000_800_5_746.lp
Finished qis_1000_800_5_236.lp
Finished qis_1000_800_5_410.lp
Finished qis_1000_800_5_500.lp
Finished qis_1000_800_5_604.lp
Finished qis_1000_800_5_91.lp
Finished qis_1000_800_5_762.lp
Finished qis_1000_800_5_535.lp
Finished qis_1000_800_5_570.lp
Finished qis_1000_800_5_777.lp
Finished qis_1000_800_5_183.lp
Finished qis_1000_800_5_209.lp
Finished qis_1000_800_5_261.lp
Finished qis_1000_800_5_654.lp
Finished qis_1000_800_5_876.lp
Finished qis_1000_800_5_403.lp
Finished qis_1000_800_5_253.lp
Finished qis_1000_800_5_225.lp
Finished qis_1000_800_5_752.lp
Finished qis_1000_800_5_719.lp
Finished qis_1000_800_5_843.lp
Finished qis_1000_800_5_165.lp
Finished qis_1000_800_5_608.lp
Finished qis_1000_800_5_590.lp
Finished qis_1000_800_5_708.lp
Finished qis_1000_800_5_196.lp
Finished qis_1000_800_5_580.lp
Finished qis_1000_800_5_511.lp
Finished qis_1000_800_5_378.lp
Finished qis_1000_800_5_701.lp
Finished qis_1000_800_5_107.lp
Finished qis_1000_800_5_218.lp
Finished qis_1000_800_5_202.lp
Finished qis_1000_800_5_747.lp
Finished qis_1000_800_5_682.lp
Finished qis_1000_800_5_651.lp
Finished qis_1000_800_5_791.lp
Finished qis_1000_800_5_139.lp
Finished qis_1000_800_5_824.lp
Finished qis_1000_800_5_85.lp
Finished qis_1000_800_5_720.lp
Finished qis_1000_800_5_124.lp
Finished qis_1000_800_5_405.lp
Finished qis_1000_800_5_607.lp
Finished qis_1000_800_5_131.lp
Finished qis_1000_800_5_19.lp
Finished qis_1000_800_5_530.lp
Finished qis_1000_800_5_344.lp
Finished qis_1000_800_5_662.lp
Finished qis_1000_800_5_72.lp
Finished qis_1000_800_5_833.lp
Finished qis_1000_800_5_130.lp
Finished qis_1000_800_5_542.lp
Finished qis_1000_800_5_428.lp
Finished qis_1000_800_5_537.lp
Finished qis_1000_800_5_778.lp
Finished qis_1000_800_5_780.lp
Finished qis_1000_800_5_309.lp
Finished qis_1000_800_5_698.lp
Finished qis_1000_800_5_819.lp
Finished qis_1000_800_5_578.lp
Finished qis_1000_800_5_875.lp
Finished qis_1000_800_5_115.lp
Finished qis_1000_800_5_743.lp
Finished qis_1000_800_5_620.lp
Finished qis_1000_800_5_483.lp
Finished qis_1000_800_5_885.lp
Finished qis_1000_800_5_517.lp
Finished qis_1000_800_5_22.lp
Finished qis_1000_800_5_716.lp
Finished qis_1000_800_5_837.lp
Finished qis_1000_800_5_45.lp
Finished qis_1000_800_5_737.lp
Finished qis_1000_800_5_649.lp
Finished qis_1000_800_5_713.lp
Finished qis_1000_800_5_642.lp
Finished qis_1000_800_5_522.lp
Finished qis_1000_800_5_429.lp
Finished qis_1000_800_5_490.lp
Finished qis_1000_800_5_95.lp
Finished qis_1000_800_5_101.lp
Finished qis_1000_800_5_147.lp
Finished qis_1000_800_5_595.lp
Finished qis_1000_800_5_318.lp
Finished qis_1000_800_5_409.lp
Finished qis_1000_800_5_247.lp
Finished qis_1000_800_5_169.lp
Finished qis_1000_800_5_844.lp
Finished qis_1000_800_5_591.lp
Finished qis_1000_800_5_744.lp
Finished qis_1000_800_5_100.lp
Finished qis_1000_800_5_90.lp
Finished qis_1000_800_5_197.lp
Finished qis_1000_800_5_727.lp
Finished qis_1000_800_5_195.lp
Finished qis_1000_800_5_293.lp
Finished qis_1000_800_5_832.lp
Finished qis_1000_800_5_418.lp
Finished qis_1000_800_5_842.lp
Finished qis_1000_800_5_680.lp
Finished qis_1000_800_5_482.lp
Finished qis_1000_800_5_271.lp
Finished qis_1000_800_5_274.lp
Finished qis_1000_800_5_881.lp
Finished qis_1000_800_5_553.lp
Finished qis_1000_800_5_109.lp
Finished qis_1000_800_5_478.lp
Finished qis_1000_800_5_803.lp
Finished qis_1000_800_5_874.lp
Finished qis_1000_800_5_664.lp
Finished qis_1000_800_5_35.lp
Finished qis_1000_800_5_385.lp
Finished qis_1000_800_5_661.lp
Finished qis_1000_800_5_244.lp
Finished qis_1000_800_5_265.lp
Finished qis_1000_800_5_441.lp
Finished qis_1000_800_5_415.lp
Finished qis_1000_800_5_618.lp
Finished qis_1000_800_5_804.lp
Finished qis_1000_800_5_366.lp
Finished qis_1000_800_5_606.lp
Finished qis_1000_800_5_534.lp
Finished qis_1000_800_5_821.lp
Finished qis_1000_800_5_880.lp
Finished qis_1000_800_5_688.lp
Finished qis_1000_800_5_188.lp
Finished qis_1000_800_5_399.lp
Finished qis_1000_800_5_748.lp
Finished qis_1000_800_5_397.lp
Finished qis_1000_800_5_137.lp
Finished qis_1000_800_5_25.lp
Finished qis_1000_800_5_205.lp
Finished qis_1000_800_5_474.lp
Finished qis_1000_800_5_741.lp
Finished qis_1000_800_5_395.lp
Finished qis_1000_800_5_464.lp
Finished qis_1000_800_5_805.lp
Finished qis_1000_800_5_745.lp
Finished qis_1000_800_5_556.lp
Finished qis_1000_800_5_256.lp
Finished qis_1000_800_5_576.lp
Finished qis_1000_800_5_146.lp
Finished qis_1000_800_5_787.lp
Finished qis_1000_800_5_665.lp
Finished qis_1000_800_5_894.lp
Finished qis_1000_800_5_453.lp
Finished qis_1000_800_5_827.lp
Finished qis_1000_800_5_106.lp
Finished qis_1000_800_5_540.lp
Finished qis_1000_800_5_863.lp
Finished qis_1000_800_5_349.lp
Finished qis_1000_800_5_284.lp
Finished qis_1000_800_5_439.lp
Finished qis_1000_800_5_699.lp
Finished qis_1000_800_5_425.lp
Finished qis_1000_800_5_143.lp
Finished qis_1000_800_5_600.lp
Finished qis_1000_800_5_807.lp
Finished qis_1000_800_5_325.lp
Finished qis_1000_800_5_161.lp
Finished qis_1000_800_5_299.lp
Finished qis_1000_800_5_427.lp
Finished qis_1000_800_5_300.lp
Finished qis_1000_800_5_538.lp
Finished qis_1000_800_5_550.lp
Finished qis_1000_800_5_579.lp
Finished qis_1000_800_5_879.lp
Finished qis_1000_800_5_255.lp
Finished qis_1000_800_5_794.lp
Finished qis_1000_800_5_381.lp
Finished qis_1000_800_5_433.lp
Finished qis_1000_800_5_856.lp
Finished qis_1000_800_5_384.lp
Finished qis_1000_800_5_729.lp
Finished qis_1000_800_5_57.lp
Finished qis_1000_800_5_814.lp
Finished qis_1000_800_5_854.lp
Finished qis_1000_800_5_873.lp
Finished qis_1000_800_5_316.lp
Finished qis_1000_800_5_26.lp
Finished qis_1000_800_5_573.lp
Finished qis_1000_800_5_495.lp
Finished qis_1000_800_5_380.lp
Finished qis_1000_800_5_287.lp
Finished qis_1000_800_5_645.lp
Finished qis_1000_800_5_527.lp
Finished qis_1000_800_5_691.lp
Finished qis_1000_800_5_360.lp
Finished qis_1000_800_5_62.lp
Finished qis_1000_800_5_291.lp
Finished qis_1000_800_5_625.lp
Finished qis_1000_800_5_793.lp
Finished qis_1000_800_5_121.lp
Finished qis_1000_800_5_592.lp
Finished qis_1000_800_5_332.lp
Finished qis_1000_800_5_153.lp
Finished qis_1000_800_5_825.lp
Finished qis_1000_800_5_356.lp
Finished qis_1000_800_5_297.lp
Finished qis_1000_800_5_362.lp
Finished qis_1000_800_5_412.lp
Finished qis_1000_800_5_764.lp
Finished qis_1000_800_5_29.lp
Finished qis_1000_800_5_547.lp
Finished qis_1000_800_5_275.lp
Finished qis_1000_800_5_826.lp
Finished qis_1000_800_5_44.lp
Finished qis_1000_800_5_269.lp
Finished qis_1000_800_5_444.lp
Finished qis_1000_800_5_723.lp
Finished qis_1000_800_5_390.lp
Finished qis_1000_800_5_498.lp
Finished qis_1000_800_5_454.lp
Finished qis_1000_800_5_528.lp
Finished qis_1000_800_5_788.lp
Finished qis_1000_800_5_92.lp
Finished qis_1000_800_5_221.lp
Finished qis_1000_800_5_450.lp
Finished qis_1000_800_5_710.lp
Finished qis_1000_800_5_426.lp
Finished qis_1000_800_5_374.lp
Finished qis_1000_800_5_823.lp
Finished qis_1000_800_5_321.lp
Finished qis_1000_800_5_239.lp
Finished qis_1000_800_5_622.lp
Finished qis_1000_800_5_111.lp
Finished qis_1000_800_5_816.lp
Finished qis_1000_800_5_422.lp
Finished qis_1000_800_5_419.lp
Finished qis_1000_800_5_669.lp
Finished qis_1000_800_5_437.lp
Finished qis_1000_800_5_838.lp
Finished qis_1000_800_5_114.lp
Finished qis_1000_800_5_69.lp
Finished qis_1000_800_5_643.lp
Finished qis_1000_800_5_372.lp
Finished qis_1000_800_5_864.lp
Finished qis_1000_800_5_65.lp
Finished qis_1000_800_5_63.lp
Finished qis_1000_800_5_119.lp
Finished qis_1000_800_5_34.lp
Finished qis_1000_800_5_11.lp
Finished qis_1000_800_5_331.lp
Finished qis_1000_800_5_754.lp
Finished qis_1000_800_5_609.lp
Finished qis_1000_800_5_596.lp
Finished qis_1000_800_5_733.lp
Finished qis_1000_800_5_357.lp
Finished qis_1000_800_5_593.lp
Finished qis_1000_800_5_396.lp
Finished qis_1000_800_5_770.lp
Finished qis_1000_800_5_305.lp
Finished qis_1000_800_5_523.lp
Finished qis_1000_800_5_126.lp
Finished qis_1000_800_5_896.lp
Finished qis_1000_800_5_105.lp
Finished qis_1000_800_5_186.lp
Finished qis_1000_800_5_210.lp
Finished qis_1000_800_5_5.lp
Finished qis_1000_800_5_203.lp
Finished qis_1000_800_5_443.lp
Finished qis_1000_800_5_257.lp
Finished qis_1000_800_5_546.lp
Finished qis_1000_800_5_686.lp
Finished qis_1000_800_5_581.lp
Finished qis_1000_800_5_144.lp
Finished qis_1000_800_5_394.lp
Finished qis_1000_800_5_180.lp
Finished qis_1000_800_5_343.lp
Finished qis_1000_800_5_831.lp
Finished qis_1000_800_5_751.lp
Finished qis_1000_800_5_504.lp
Finished qis_1000_800_5_266.lp
Finished qis_1000_800_5_140.lp
Finished qis_1000_800_5_872.lp
Finished qis_1000_800_5_497.lp
Finished qis_1000_800_5_231.lp
Finished qis_1000_800_5_471.lp
Finished qis_1000_800_5_738.lp
Finished qis_1000_800_5_877.lp
Finished qis_1000_800_5_3.lp
Finished qis_1000_800_5_376.lp
Finished qis_1000_800_5_598.lp
Finished qis_1000_800_5_421.lp
Finished qis_1000_800_5_611.lp
Finished 899 easy files in total
Failed 1 easy files in total
Loading data...
Start training UniEGNN on easy problems with 6 layers.
Epoch 1 training: loss: 0.70980
Epoch 1 validation: loss: 0.70011
Model UniEGNN saved to /home/dhruvasundar/all_feasible/runs/train/HG/UniEGNN/easy_layer6_nepoch100_lr0.0001_wd0.0001/trained_model.pkl.
Epoch 2 training: loss: 0.69966
Epoch 2 validation: loss: 0.69653
Model UniEGNN saved to /home/dhruvasundar/all_feasible/runs/train/HG/UniEGNN/easy_layer6_nepoch100_lr0.0001_wd0.0001/trained_model.pkl.
Epoch 3 training: loss: 0.69660
Epoch 3 validation: loss: 0.69499
Model UniEGNN saved to /home/dhruvasundar/all_feasible/runs/train/HG/UniEGNN/easy_layer6_nepoch100_lr0.0001_wd0.0001/trained_model.pkl.
Epoch 4 training: loss: 0.69522
Epoch 4 validation: loss: 0.69424
Model UniEGNN saved to /home/dhruvasundar/all_feasible/runs/train/HG/UniEGNN/easy_layer6_nepoch100_lr0.0001_wd0.0001/trained_model.pkl.
Epoch 5 training: loss: 0.69449
Epoch 5 validation: loss: 0.69387
Model UniEGNN saved to /home/dhruvasundar/all_feasible/runs/train/HG/UniEGNN/easy_layer6_nepoch100_lr0.0001_wd0.0001/trained_model.pkl.
Epoch 6 training: loss: 0.69403
Epoch 6 validation: loss: 0.69357
Model UniEGNN saved to /home/dhruvasundar/all_feasible/runs/train/HG/UniEGNN/easy_layer6_nepoch100_lr0.0001_wd0.0001/trained_model.pkl.
Epoch 7 training: loss: 0.69017
Epoch 7 validation: loss: 0.68727
Model UniEGNN saved to /home/dhruvasundar/all_feasible/runs/train/HG/UniEGNN/easy_layer6_nepoch100_lr0.0001_wd0.0001/trained_model.pkl.
Epoch 8 training: loss: 0.68806
Epoch 8 validation: loss: 0.68702
Model UniEGNN saved to /home/dhruvasundar/all_feasible/runs/train/HG/UniEGNN/easy_layer6_nepoch100_lr0.0001_wd0.0001/trained_model.pkl.
Epoch 9 training: loss: 0.68717
Epoch 9 validation: loss: 0.68683
Model UniEGNN saved to /home/dhruvasundar/all_feasible/runs/train/HG/UniEGNN/easy_layer6_nepoch100_lr0.0001_wd0.0001/trained_model.pkl.
Epoch 10 training: loss: 0.68696
Epoch 10 validation: loss: 0.68671
Model UniEGNN saved to /home/dhruvasundar/all_feasible/runs/train/HG/UniEGNN/easy_layer6_nepoch100_lr0.0001_wd0.0001/trained_model.pkl.
Epoch 11 training: loss: 0.68683
Epoch 11 validation: loss: 0.68663
Model UniEGNN saved to /home/dhruvasundar/all_feasible/runs/train/HG/UniEGNN/easy_layer6_nepoch100_lr0.0001_wd0.0001/trained_model.pkl.
Epoch 12 training: loss: 0.68672
Epoch 12 validation: loss: 0.68657
Model UniEGNN saved to /home/dhruvasundar/all_feasible/runs/train/HG/UniEGNN/easy_layer6_nepoch100_lr0.0001_wd0.0001/trained_model.pkl.
Epoch 13 training: loss: 0.68664
Epoch 13 validation: loss: 0.68652
Model UniEGNN saved to /home/dhruvasundar/all_feasible/runs/train/HG/UniEGNN/easy_layer6_nepoch100_lr0.0001_wd0.0001/trained_model.pkl.
Epoch 14 training: loss: 0.68658
Epoch 14 validation: loss: 0.68648
Model UniEGNN saved to /home/dhruvasundar/all_feasible/runs/train/HG/UniEGNN/easy_layer6_nepoch100_lr0.0001_wd0.0001/trained_model.pkl.
Epoch 15 training: loss: 0.68653
Epoch 15 validation: loss: 0.68646
Model UniEGNN saved to /home/dhruvasundar/all_feasible/runs/train/HG/UniEGNN/easy_layer6_nepoch100_lr0.0001_wd0.0001/trained_model.pkl.
Epoch 16 training: loss: 0.68649
Epoch 16 validation: loss: 0.68643
Model UniEGNN saved to /home/dhruvasundar/all_feasible/runs/train/HG/UniEGNN/easy_layer6_nepoch100_lr0.0001_wd0.0001/trained_model.pkl.
Epoch 17 training: loss: 0.68646
Epoch 17 validation: loss: 0.68642
Model UniEGNN saved to /home/dhruvasundar/all_feasible/runs/train/HG/UniEGNN/easy_layer6_nepoch100_lr0.0001_wd0.0001/trained_model.pkl.
Epoch 18 training: loss: 0.68644
Epoch 18 validation: loss: 0.68640
Model UniEGNN saved to /home/dhruvasundar/all_feasible/runs/train/HG/UniEGNN/easy_layer6_nepoch100_lr0.0001_wd0.0001/trained_model.pkl.
Epoch 19 training: loss: 0.68641
Epoch 19 validation: loss: 0.68639
Model UniEGNN saved to /home/dhruvasundar/all_feasible/runs/train/HG/UniEGNN/easy_layer6_nepoch100_lr0.0001_wd0.0001/trained_model.pkl.
Epoch 20 training: loss: 0.68639
Epoch 20 validation: loss: 0.68638
Model UniEGNN saved to /home/dhruvasundar/all_feasible/runs/train/HG/UniEGNN/easy_layer6_nepoch100_lr0.0001_wd0.0001/trained_model.pkl.
Epoch 21 training: loss: 0.68678
Epoch 21 validation: loss: 0.68638
Epoch 22 training: loss: 0.68640
Epoch 22 validation: loss: 0.68637
Model UniEGNN saved to /home/dhruvasundar/all_feasible/runs/train/HG/UniEGNN/easy_layer6_nepoch100_lr0.0001_wd0.0001/trained_model.pkl.
Epoch 23 training: loss: 0.68637
Epoch 23 validation: loss: 0.68636
Model UniEGNN saved to /home/dhruvasundar/all_feasible/runs/train/HG/UniEGNN/easy_layer6_nepoch100_lr0.0001_wd0.0001/trained_model.pkl.
Epoch 24 training: loss: 0.68636
Epoch 24 validation: loss: 0.68636
Model UniEGNN saved to /home/dhruvasundar/all_feasible/runs/train/HG/UniEGNN/easy_layer6_nepoch100_lr0.0001_wd0.0001/trained_model.pkl.
Epoch 25 training: loss: 0.68634
Epoch 25 validation: loss: 0.68635
Model UniEGNN saved to /home/dhruvasundar/all_feasible/runs/train/HG/UniEGNN/easy_layer6_nepoch100_lr0.0001_wd0.0001/trained_model.pkl.
Epoch 26 training: loss: 0.68633
Epoch 26 validation: loss: 0.68635
Model UniEGNN saved to /home/dhruvasundar/all_feasible/runs/train/HG/UniEGNN/easy_layer6_nepoch100_lr0.0001_wd0.0001/trained_model.pkl.
Epoch 27 training: loss: 0.68633
Epoch 27 validation: loss: 0.68634
Model UniEGNN saved to /home/dhruvasundar/all_feasible/runs/train/HG/UniEGNN/easy_layer6_nepoch100_lr0.0001_wd0.0001/trained_model.pkl.
Epoch 28 training: loss: 0.68632
Epoch 28 validation: loss: 0.68634
Model UniEGNN saved to /home/dhruvasundar/all_feasible/runs/train/HG/UniEGNN/easy_layer6_nepoch100_lr0.0001_wd0.0001/trained_model.pkl.
Epoch 29 training: loss: 0.68632
Epoch 29 validation: loss: 0.68634
Model UniEGNN saved to /home/dhruvasundar/all_feasible/runs/train/HG/UniEGNN/easy_layer6_nepoch100_lr0.0001_wd0.0001/trained_model.pkl.
Epoch 30 training: loss: 0.68631
Epoch 30 validation: loss: 0.68633
Model UniEGNN saved to /home/dhruvasundar/all_feasible/runs/train/HG/UniEGNN/easy_layer6_nepoch100_lr0.0001_wd0.0001/trained_model.pkl.
Epoch 31 training: loss: 0.68631
Epoch 31 validation: loss: 0.68633
Model UniEGNN saved to /home/dhruvasundar/all_feasible/runs/train/HG/UniEGNN/easy_layer6_nepoch100_lr0.0001_wd0.0001/trained_model.pkl.
Epoch 32 training: loss: 0.68630
Epoch 32 validation: loss: 0.68633
Model UniEGNN saved to /home/dhruvasundar/all_feasible/runs/train/HG/UniEGNN/easy_layer6_nepoch100_lr0.0001_wd0.0001/trained_model.pkl.
Epoch 33 training: loss: 0.68630
Epoch 33 validation: loss: 0.68633
Model UniEGNN saved to /home/dhruvasundar/all_feasible/runs/train/HG/UniEGNN/easy_layer6_nepoch100_lr0.0001_wd0.0001/trained_model.pkl.
Epoch 34 training: loss: 0.68630
Epoch 34 validation: loss: 0.68633
Model UniEGNN saved to /home/dhruvasundar/all_feasible/runs/train/HG/UniEGNN/easy_layer6_nepoch100_lr0.0001_wd0.0001/trained_model.pkl.
Epoch 35 training: loss: 0.68629
Epoch 35 validation: loss: 0.68633
Model UniEGNN saved to /home/dhruvasundar/all_feasible/runs/train/HG/UniEGNN/easy_layer6_nepoch100_lr0.0001_wd0.0001/trained_model.pkl.
Epoch 36 training: loss: 0.68629
Epoch 36 validation: loss: 0.68632
Model UniEGNN saved to /home/dhruvasundar/all_feasible/runs/train/HG/UniEGNN/easy_layer6_nepoch100_lr0.0001_wd0.0001/trained_model.pkl.
Epoch 37 training: loss: 0.68629
Epoch 37 validation: loss: 0.68632
Model UniEGNN saved to /home/dhruvasundar/all_feasible/runs/train/HG/UniEGNN/easy_layer6_nepoch100_lr0.0001_wd0.0001/trained_model.pkl.
Epoch 38 training: loss: 0.68629
Epoch 38 validation: loss: 0.68632
Model UniEGNN saved to /home/dhruvasundar/all_feasible/runs/train/HG/UniEGNN/easy_layer6_nepoch100_lr0.0001_wd0.0001/trained_model.pkl.
Epoch 39 training: loss: 0.68628
Epoch 39 validation: loss: 0.68632
Model UniEGNN saved to /home/dhruvasundar/all_feasible/runs/train/HG/UniEGNN/easy_layer6_nepoch100_lr0.0001_wd0.0001/trained_model.pkl.
